\BOOKMARK [0][-]{chapter.1}{Calculating Key Performance Indicators of State Commercial Banks using Linked Open Data}{}% 1
\BOOKMARK [0][-]{chapter.1}{Alexander B\374scher and Andreas Harth}{}% 2
\BOOKMARK [1][-]{section.1.1}{Introduction}{chapter.1}% 3
\BOOKMARK [1][-]{section.1.2}{Conceptional background and related work}{chapter.1}% 4
\BOOKMARK [1][-]{section.1.3}{Use Case}{chapter.1}% 5
\BOOKMARK [2][-]{subsection.1.3.1}{Preperations}{section.1.3}% 6
\BOOKMARK [2][-]{subsection.1.3.2}{Key Performance Indicators \(KPIs\) selection}{section.1.3}% 7
\BOOKMARK [3][-]{subsubsection.1.3.2.1}{Total turnover per employee:}{subsection.1.3.2}% 8
\BOOKMARK [3][-]{subsubsection.1.3.2.2}{Production efficiency:}{subsection.1.3.2}% 9
\BOOKMARK [3][-]{subsubsection.1.3.2.3}{Total turnover per location:}{subsection.1.3.2}% 10
\BOOKMARK [3][-]{subsubsection.1.3.2.4}{Gains and losses for multiple periods:}{subsection.1.3.2}% 11
\BOOKMARK [3][-]{subsubsection.1.3.2.5}{Prospect \205 Price of shares:}{subsection.1.3.2}% 12
\BOOKMARK [2][-]{subsection.1.3.3}{Results}{section.1.3}% 13
\BOOKMARK [1][-]{section.1.4}{Methodology}{chapter.1}% 14
\BOOKMARK [2][-]{subsection.1.4.1}{Design and sample}{section.1.4}% 15
\BOOKMARK [2][-]{subsection.1.4.2}{Quality measurements}{section.1.4}% 16
\BOOKMARK [1][-]{section.1.5}{Evaluation and findings}{chapter.1}% 17
\BOOKMARK [2][-]{subsection.1.5.1}{Discussion}{section.1.5}% 18
\BOOKMARK [2][-]{subsection.1.5.2}{Performance}{section.1.5}% 19
\BOOKMARK [2][-]{subsection.1.5.3}{Survey results}{section.1.5}% 20
\BOOKMARK [1][-]{section.1.6}{Conclusion}{chapter.1}% 21
