This is pdfTeX, Version 3.1415926-2.5-1.40.14 (MiKTeX 2.9 64-bit) (preloaded format=pdflatex 2015.5.19)  15 JUL 2015 22:27
entering extended mode
**paper.tex

("C:\Users\Buscha\Dropbox\Gruppe xy\Sonstiges\alex_save_ordner\AIFB_stuff\paper
\tex\paper.tex"
LaTeX2e <2011/06/27>
Babel <v3.8m> and hyphenation patterns for english, afrikaans, ancientgreek, ar
abic, armenian, assamese, basque, bengali, bokmal, bulgarian, catalan, coptic, 
croatian, czech, danish, dutch, esperanto, estonian, farsi, finnish, french, ga
lician, german, german-x-2013-05-26, greek, gujarati, hindi, hungarian, iceland
ic, indonesian, interlingua, irish, italian, kannada, kurmanji, latin, latvian,
 lithuanian, malayalam, marathi, mongolian, mongolianlmc, monogreek, ngerman, n
german-x-2013-05-26, nynorsk, oriya, panjabi, pinyin, polish, portuguese, roman
ian, russian, sanskrit, serbian, slovak, slovenian, spanish, swedish, swissgerm
an, tamil, telugu, turkish, turkmen, ukenglish, ukrainian, uppersorbian, usengl
ishmax, welsh, loaded.

("C:\Users\Buscha\Dropbox\Gruppe xy\Sonstiges\alex_save_ordner\AIFB_stuff\paper
\tex\llncs.cls"
Document Class: llncs 2004/08/17 v2.14 
 LaTeX document class for Lecture Notes in Computer Science
("D:\MiKTeX 2.9\tex\latex\base\article.cls"
Document Class: article 2007/10/19 v1.4h Standard LaTeX document class
("D:\MiKTeX 2.9\tex\latex\base\size10.clo"
File: size10.clo 2007/10/19 v1.4h Standard LaTeX file (size option)
)
\c@part=\count79
\c@section=\count80
\c@subsection=\count81
\c@subsubsection=\count82
\c@paragraph=\count83
\c@subparagraph=\count84
\c@figure=\count85
\c@table=\count86
\abovecaptionskip=\skip41
\belowcaptionskip=\skip42
\bibindent=\dimen102
)
("D:\MiKTeX 2.9\tex\latex\tools\multicol.sty"
Package: multicol 2011/06/27 v1.7a multicolumn formatting (FMi)
\c@tracingmulticols=\count87
\mult@box=\box26
\multicol@leftmargin=\dimen103
\c@unbalance=\count88
\c@collectmore=\count89
\doublecol@number=\count90
\multicoltolerance=\count91
\multicolpretolerance=\count92
\full@width=\dimen104
\page@free=\dimen105
\premulticols=\dimen106
\postmulticols=\dimen107
\multicolsep=\skip43
\multicolbaselineskip=\skip44
\partial@page=\box27
\last@line=\box28
\mult@rightbox=\box29
\mult@grightbox=\box30
\mult@gfirstbox=\box31
\mult@firstbox=\box32
\@tempa=\box33
\@tempa=\box34
\@tempa=\box35
\@tempa=\box36
\@tempa=\box37
\@tempa=\box38
\@tempa=\box39
\@tempa=\box40
\@tempa=\box41
\@tempa=\box42
\@tempa=\box43
\@tempa=\box44
\@tempa=\box45
\@tempa=\box46
\@tempa=\box47
\@tempa=\box48
\@tempa=\box49
\c@columnbadness=\count93
\c@finalcolumnbadness=\count94
\last@try=\dimen108
\multicolovershoot=\dimen109
\multicolundershoot=\dimen110
\mult@nat@firstbox=\box50
\colbreak@box=\box51
\multicol@sort@counter=\count95
)
\c@chapter=\count96
LaTeX Font Info:    Redeclaring math symbol \Gamma on input line 360.
LaTeX Font Info:    Redeclaring math symbol \Delta on input line 361.
LaTeX Font Info:    Redeclaring math symbol \Theta on input line 362.
LaTeX Font Info:    Redeclaring math symbol \Lambda on input line 363.
LaTeX Font Info:    Redeclaring math symbol \Xi on input line 364.
LaTeX Font Info:    Redeclaring math symbol \Pi on input line 365.
LaTeX Font Info:    Redeclaring math symbol \Sigma on input line 366.
LaTeX Font Info:    Redeclaring math symbol \Upsilon on input line 367.
LaTeX Font Info:    Redeclaring math symbol \Phi on input line 368.
LaTeX Font Info:    Redeclaring math symbol \Psi on input line 369.
LaTeX Font Info:    Redeclaring math symbol \Omega on input line 370.
\tocchpnum=\dimen111
\tocsecnum=\dimen112
\tocsectotal=\dimen113
\tocsubsecnum=\dimen114
\tocsubsectotal=\dimen115
\tocsubsubsecnum=\dimen116
\tocsubsubsectotal=\dimen117
\tocparanum=\dimen118
\tocparatotal=\dimen119
\tocsubparanum=\dimen120
\@tempcntc=\count97
\fnindent=\dimen121
\c@@inst=\count98
\c@@auth=\count99
\c@auco=\count100
\instindent=\dimen122
\authrun=\box52
\authorrunning=\toks14
\tocauthor=\toks15
\titrun=\box53
\titlerunning=\toks16
\toctitle=\toks17
\c@theorem=\count101
\c@case=\count102
\c@conjecture=\count103
\c@corollary=\count104
\c@definition=\count105
\c@example=\count106
\c@exercise=\count107
\c@lemma=\count108
\c@note=\count109
\c@problem=\count110
\c@property=\count111
\c@proposition=\count112
\c@question=\count113
\c@solution=\count114
\c@remark=\count115
\headlineindent=\dimen123
)
("D:\MiKTeX 2.9\tex\generic\babel\babel.sty"
Package: babel 2008/07/08 v3.8m The Babel package

*************************************
* Local config file bblopts.cfg used
*
("D:\MiKTeX 2.9\tex\latex\00miktex\bblopts.cfg"
File: bblopts.cfg 2006/07/31 v1.0 MiKTeX 'babel' configuration
)
("D:\MiKTeX 2.9\tex\generic\babel\english.ldf"
Language: english 2005/03/30 v3.3o English support from the babel system

("D:\MiKTeX 2.9\tex\generic\babel\babel.def"
File: babel.def 2008/07/08 v3.8m Babel common definitions
\babel@savecnt=\count116
\U@D=\dimen124
)
\l@canadian = a dialect from \language\l@american 
\l@australian = a dialect from \language\l@british 
\l@newzealand = a dialect from \language\l@british 
)
("D:\MiKTeX 2.9\tex\generic\babel\ngermanb.ldf"
Language: ngermanb 2008/07/06 v2.6n new German support from the babel system
\l@naustrian = a dialect from \language\l@ngerman 
Package babel Info: Making " an active character on input line 92.
))
("D:\MiKTeX 2.9\tex\latex\base\inputenc.sty"
Package: inputenc 2008/03/30 v1.1d Input encoding file
\inpenc@prehook=\toks18
\inpenc@posthook=\toks19

("D:\MiKTeX 2.9\tex\latex\base\latin1.def"
File: latin1.def 2008/03/30 v1.1d Input encoding file
))
("D:\MiKTeX 2.9\tex\latex\base\fontenc.sty"
Package: fontenc 2005/09/27 v1.99g Standard LaTeX package

("D:\MiKTeX 2.9\tex\latex\base\t1enc.def"
File: t1enc.def 2005/09/27 v1.99g Standard LaTeX file
LaTeX Font Info:    Redeclaring font encoding T1 on input line 43.
))
("D:\MiKTeX 2.9\tex\latex\graphics\graphicx.sty"
Package: graphicx 1999/02/16 v1.0f Enhanced LaTeX Graphics (DPC,SPQR)

("D:\MiKTeX 2.9\tex\latex\graphics\keyval.sty"
Package: keyval 1999/03/16 v1.13 key=value parser (DPC)
\KV@toks@=\toks20
)
("D:\MiKTeX 2.9\tex\latex\graphics\graphics.sty"
Package: graphics 2009/02/05 v1.0o Standard LaTeX Graphics (DPC,SPQR)

("D:\MiKTeX 2.9\tex\latex\graphics\trig.sty"
Package: trig 1999/03/16 v1.09 sin cos tan (DPC)
)
("D:\MiKTeX 2.9\tex\latex\00miktex\graphics.cfg"
File: graphics.cfg 2007/01/18 v1.5 graphics configuration of teTeX/TeXLive
)
Package graphics Info: Driver file: pdftex.def on input line 91.

("D:\MiKTeX 2.9\tex\latex\pdftex-def\pdftex.def"
File: pdftex.def 2011/05/27 v0.06d Graphics/color for pdfTeX

("D:\MiKTeX 2.9\tex\generic\oberdiek\infwarerr.sty"
Package: infwarerr 2010/04/08 v1.3 Providing info/warning/error messages (HO)
)
("D:\MiKTeX 2.9\tex\generic\oberdiek\ltxcmds.sty"
Package: ltxcmds 2011/11/09 v1.22 LaTeX kernel commands for general use (HO)
)
\Gread@gobject=\count117
))
\Gin@req@height=\dimen125
\Gin@req@width=\dimen126
)
(C:\Users\Buscha\AppData\Roaming\MiKTeX\2.9\tex\latex\url\url.sty
\Urlmuskip=\muskip10
Package: url 2013/09/16  ver 3.4  Verb mode for urls, etc.
)
("C:\Users\Buscha\Dropbox\Gruppe xy\Sonstiges\alex_save_ordner\AIFB_stuff\paper
\tex\llncsdoc.sty") ("D:\MiKTeX 2.9\tex\latex\amsmath\amsmath.sty"
Package: amsmath 2013/01/14 v2.14 AMS math features
\@mathmargin=\skip45

For additional information on amsmath, use the `?' option.
("D:\MiKTeX 2.9\tex\latex\amsmath\amstext.sty"
Package: amstext 2000/06/29 v2.01

("D:\MiKTeX 2.9\tex\latex\amsmath\amsgen.sty"
File: amsgen.sty 1999/11/30 v2.0
\@emptytoks=\toks21
\ex@=\dimen127
))
("D:\MiKTeX 2.9\tex\latex\amsmath\amsbsy.sty"
Package: amsbsy 1999/11/29 v1.2d
\pmbraise@=\dimen128
)
("D:\MiKTeX 2.9\tex\latex\amsmath\amsopn.sty"
Package: amsopn 1999/12/14 v2.01 operator names
)
\inf@bad=\count118
LaTeX Info: Redefining \frac on input line 210.
\uproot@=\count119
\leftroot@=\count120
LaTeX Info: Redefining \overline on input line 306.
\classnum@=\count121
\DOTSCASE@=\count122
LaTeX Info: Redefining \ldots on input line 378.
LaTeX Info: Redefining \dots on input line 381.
LaTeX Info: Redefining \cdots on input line 466.
\Mathstrutbox@=\box54
\strutbox@=\box55
\big@size=\dimen129
LaTeX Font Info:    Redeclaring font encoding OML on input line 566.
LaTeX Font Info:    Redeclaring font encoding OMS on input line 567.


Package amsmath Warning: Unable to redefine math accent \vec.

\macc@depth=\count123
\c@MaxMatrixCols=\count124
\dotsspace@=\muskip11
\c@parentequation=\count125
\dspbrk@lvl=\count126
\tag@help=\toks22
\row@=\count127
\column@=\count128
\maxfields@=\count129
\andhelp@=\toks23
\eqnshift@=\dimen130
\alignsep@=\dimen131
\tagshift@=\dimen132
\tagwidth@=\dimen133
\totwidth@=\dimen134
\lineht@=\dimen135
\@envbody=\toks24
\multlinegap=\skip46
\multlinetaggap=\skip47
\mathdisplay@stack=\toks25
LaTeX Info: Redefining \[ on input line 2665.
LaTeX Info: Redefining \] on input line 2666.
) ("D:\MiKTeX 2.9\tex\latex\amsfonts\amssymb.sty"
Package: amssymb 2013/01/14 v3.01 AMS font symbols

("D:\MiKTeX 2.9\tex\latex\amsfonts\amsfonts.sty"
Package: amsfonts 2013/01/14 v3.01 Basic AMSFonts support
\symAMSa=\mathgroup4
\symAMSb=\mathgroup5
LaTeX Font Info:    Overwriting math alphabet `\mathfrak' in version `bold'
(Font)                  U/euf/m/n --> U/euf/b/n on input line 106.
))
("D:\MiKTeX 2.9\tex\latex\tools\enumerate.sty"
Package: enumerate 1999/03/05 v3.00 enumerate extensions (DPC)
\@enLab=\toks26
)
(C:\Users\Buscha\AppData\Roaming\MiKTeX\2.9\tex\latex\koma-script\scrtime.sty
Package: scrtime 2015/02/07 v3.16 KOMA-Script package (time of LaTeX run)

(C:\Users\Buscha\AppData\Roaming\MiKTeX\2.9\tex\latex\koma-script\scrkbase.sty
Package: scrkbase 2015/02/07 v3.16 KOMA-Script package (KOMA-Script-dependent b
asics and keyval usage)

(C:\Users\Buscha\AppData\Roaming\MiKTeX\2.9\tex\latex\koma-script\scrbase.sty
Package: scrbase 2015/02/07 v3.16 KOMA-Script package (KOMA-Script-independent 
basics and keyval usage)

(C:\Users\Buscha\AppData\Roaming\MiKTeX\2.9\tex\latex\koma-script\scrlfile.sty
Package: scrlfile 2015/02/07 v3.16 KOMA-Script package (loading files)

Package scrlfile, 2015/02/07 v3.16 KOMA-Script package (loading files)
                  Copyright (C) Markus Kohm

))))
(C:\Users\Buscha\AppData\Roaming\MiKTeX\2.9\tex\latex\listings\listings.sty
\lst@mode=\count130
\lst@gtempboxa=\box56
\lst@token=\toks27
\lst@length=\count131
\lst@currlwidth=\dimen136
\lst@column=\count132
\lst@pos=\count133
\lst@lostspace=\dimen137
\lst@width=\dimen138
\lst@newlines=\count134
\lst@lineno=\count135
\lst@maxwidth=\dimen139

(C:\Users\Buscha\AppData\Roaming\MiKTeX\2.9\tex\latex\listings\lstmisc.sty
File: lstmisc.sty 2014/09/06 1.5e (Carsten Heinz)
\c@lstnumber=\count136
\lst@skipnumbers=\count137
\lst@framebox=\box57
)
(C:\Users\Buscha\AppData\Roaming\MiKTeX\2.9\tex\latex\listings\listings.cfg
File: listings.cfg 2014/09/06 1.5e listings configuration
))
Package: listings 2014/09/06 1.5e (Carsten Heinz)

(C:\Users\Buscha\AppData\Roaming\MiKTeX\2.9\tex\latex\subfigure\subfigure.sty
Package: subfigure 2002/07/30 v2.1.4 subfigure package
\subfigtopskip=\skip48
\subfigcapskip=\skip49
\subfigcaptopadj=\dimen140
\subfigbottomskip=\skip50
\subfigcapmargin=\dimen141
\subfiglabelskip=\skip51
\c@subfigure=\count138
\c@lofdepth=\count139
\c@subtable=\count140
\c@lotdepth=\count141

****************************************
* Local config file subfigure.cfg used *
****************************************
(C:\Users\Buscha\AppData\Roaming\MiKTeX\2.9\tex\latex\subfigure\subfigure.cfg)
\subfig@top=\skip52
\subfig@bottom=\skip53
) ("D:\MiKTeX 2.9\tex\latex\multirow\multirow.sty"
\bigstrutjot=\dimen142
)
("C:\Users\Buscha\Dropbox\Gruppe xy\Sonstiges\alex_save_ordner\AIFB_stuff\paper
\tex\paper.aux")
LaTeX Font Info:    Checking defaults for OML/cmm/m/it on input line 47.
LaTeX Font Info:    ... okay on input line 47.
LaTeX Font Info:    Checking defaults for T1/cmr/m/n on input line 47.
LaTeX Font Info:    ... okay on input line 47.
LaTeX Font Info:    Checking defaults for OT1/cmr/m/n on input line 47.
LaTeX Font Info:    ... okay on input line 47.
LaTeX Font Info:    Checking defaults for OMS/cmsy/m/n on input line 47.
LaTeX Font Info:    ... okay on input line 47.
LaTeX Font Info:    Checking defaults for OMX/cmex/m/n on input line 47.
LaTeX Font Info:    ... okay on input line 47.
LaTeX Font Info:    Checking defaults for U/cmr/m/n on input line 47.
LaTeX Font Info:    ... okay on input line 47.

(C:\Users\Buscha\AppData\Roaming\MiKTeX\2.9\tex\context\base\supp-pdf.mkii
[Loading MPS to PDF converter (version 2006.09.02).]
\scratchcounter=\count142
\scratchdimen=\dimen143
\scratchbox=\box58
\nofMPsegments=\count143
\nofMParguments=\count144
\everyMPshowfont=\toks28
\MPscratchCnt=\count145
\MPscratchDim=\dimen144
\MPnumerator=\count146
\makeMPintoPDFobject=\count147
\everyMPtoPDFconversion=\toks29
)
\c@lstlisting=\count148
LaTeX Font Info:    Try loading font information for U+msa on input line 48.
 ("D:\MiKTeX 2.9\tex\latex\amsfonts\umsa.fd"
File: umsa.fd 2013/01/14 v3.01 AMS symbols A
)
LaTeX Font Info:    Try loading font information for U+msb on input line 48.

("D:\MiKTeX 2.9\tex\latex\amsfonts\umsb.fd"
File: umsb.fd 2013/01/14 v3.01 AMS symbols B
)
LaTeX Font Info:    Try loading font information for T1+cmtt on input line 48.

("D:\MiKTeX 2.9\tex\latex\base\t1cmtt.fd"
File: t1cmtt.fd 1999/05/25 v2.5h Standard LaTeX font definitions
) [1


{C:/Users/Buscha/AppData/Local/MiKTeX/2.9/pdftex/config/pdftex.map}]
<1_graphics/extract.png, id=13, 1381.41093pt x 594.72188pt>
File: 1_graphics/extract.png Graphic file (type png)

<use 1_graphics/extract.png>
Package pdftex.def Info: 1_graphics/extract.png used on input line 114.
(pdftex.def)             Requested size: 331.5454pt x 142.73616pt.
 [2 <C:/Users/Buscha/Dropbox/Gruppe xy/Sonstiges/alex_save_ordner/AIFB_stuff/pa
per/tex/1_graphics/extract.png>] [3] [4] [5]
Overfull \hbox (5.09178pt too wide) in paragraph at lines 222--243
[][]
 []


Underfull \hbox (badness 10000) in paragraph at lines 219--245

 []


LaTeX Warning: `!h' float specifier changed to `!ht'.

[6] [7] [8] [9] [10]
("C:\Users\Buscha\Dropbox\Gruppe xy\Sonstiges\alex_save_ordner\AIFB_stuff\paper
\tex\paper.bbl" [11]) [12]
("C:\Users\Buscha\Dropbox\Gruppe xy\Sonstiges\alex_save_ordner\AIFB_stuff\paper
\tex\paper.aux") ) 
Here is how much of TeX's memory you used:
 5297 strings out of 493921
 68093 string characters out of 3152893
 148145 words of memory out of 3000000
 8502 multiletter control sequences out of 15000+200000
 17450 words of font info for 47 fonts, out of 3000000 for 9000
 841 hyphenation exceptions out of 8191
 33i,12n,36p,745b,981s stack positions out of 5000i,500n,10000p,200000b,50000s
 <C:\Users\Buscha\AppData\Local\MiKTeX\2.9\fonts\pk\ljfour\jk
nappen\ec\dpi600\ecti0900.pk> <C:\Users\Buscha\AppData\Local\MiKTeX\2.9\fonts\p
k\ljfour\jknappen\ec\dpi600\ectt1000.pk> <C:\Users\Buscha\AppData\Local\MiKTeX\
2.9\fonts\pk\ljfour\jknappen\ec\dpi600\ecbx1000.pk> <C:\Users\Buscha\AppData\Lo
cal\MiKTeX\2.9\fonts\pk\ljfour\jknappen\ec\dpi600\ecrm0600.pk> <C:\Users\Buscha
\AppData\Local\MiKTeX\2.9\fonts\pk\ljfour\jknappen\ec\dpi600\ecrm0700.pk> <C:\U
sers\Buscha\AppData\Local\MiKTeX\2.9\fonts\pk\ljfour\jknappen\ec\dpi600\ecbx120
0.pk> <C:\Users\Buscha\AppData\Local\MiKTeX\2.9\fonts\pk\ljfour\jknappen\ec\dpi
600\ecbx0900.pk> <C:\Users\Buscha\AppData\Local\MiKTeX\2.9\fonts\pk\ljfour\jkna
ppen\ec\dpi600\ectt0900.pk> <C:\Users\Buscha\AppData\Local\MiKTeX\2.9\fonts\pk\
ljfour\jknappen\ec\dpi600\ecrm0900.pk> <C:\Users\Buscha\AppData\Local\MiKTeX\2.
9\fonts\pk\ljfour\jknappen\ec\dpi600\ecrm1000.pk> <C:\Users\Buscha\AppData\Loca
l\MiKTeX\2.9\fonts\pk\ljfour\jknappen\ec\dpi600\ecbx1440.pk><D:/MiKTeX 2.9/font
s/type1/public/amsfonts/cm/cmex10.pfb><D:/MiKTeX 2.9/fonts/type1/public/amsfont
s/cmextra/cmex9.pfb><D:/MiKTeX 2.9/fonts/type1/public/amsfonts/cm/cmmi10.pfb><D
:/MiKTeX 2.9/fonts/type1/public/amsfonts/cm/cmmi6.pfb><D:/MiKTeX 2.9/fonts/type
1/public/amsfonts/cm/cmmi7.pfb><D:/MiKTeX 2.9/fonts/type1/public/amsfonts/cm/cm
mi9.pfb><D:/MiKTeX 2.9/fonts/type1/public/amsfonts/cm/cmr10.pfb><D:/MiKTeX 2.9/
fonts/type1/public/amsfonts/cm/cmr6.pfb><D:/MiKTeX 2.9/fonts/type1/public/amsfo
nts/cm/cmr7.pfb><D:/MiKTeX 2.9/fonts/type1/public/amsfonts/cm/cmr9.pfb><D:/MiKT
eX 2.9/fonts/type1/public/amsfonts/cm/cmsy10.pfb><D:/MiKTeX 2.9/fonts/type1/pub
lic/amsfonts/cm/cmsy6.pfb>
Output written on paper.pdf (12 pages, 317190 bytes).
PDF statistics:
 580 PDF objects out of 1000 (max. 8388607)
 0 named destinations out of 1000 (max. 500000)
 6 words of extra memory for PDF output out of 10000 (max. 10000000)

